<?xml version="1.0" encoding="UTF-8"?>
<!-- Generated by org.testng.reporters.JUnitReportReporter -->
<testsuite skipped="0" hostname="LAPTOP-PP7LTPN0" name="kdf.Application" tests="1" failures="0" timestamp="28 Sep 2019 02:33:54 GMT" time="99.170" errors="0">
  <testcase name="verifyInvalidCredentials" time="99.170" classname="kdf.Application"/>
</testsuite> <!-- kdf.Application -->
