<?xml version="1.0" encoding="UTF-8"?>
<!-- Generated by org.testng.reporters.JUnitReportReporter -->
<testsuite skipped="0" hostname="LAPTOP-PP7LTPN0" name="com.demoaut.newtours.TestScripts.VerifyInvalidLoginTest" tests="1" failures="0" timestamp="27 Sep 2019 02:28:43 GMT" time="34.422" errors="0">
  <testcase name="verifyInValidCredentails" time="34.422" classname="com.demoaut.newtours.TestScripts.VerifyInvalidLoginTest"/>
</testsuite> <!-- com.demoaut.newtours.TestScripts.VerifyInvalidLoginTest -->
